---------------------------------------------------
Var_num = 275
D_num = 128
DF_num = 147
---------------------------------------------------
A0: 
1110010100000000000000000
1000010000000000000000000
1011010110000000000000000
1110010100000000000000000
1110010100000000000000000
1011010110000000000000000
1111010110000000000000000
1010010100000000000000000
1011010110000000000000000
1010010100000000000000000
1000010000000000000000000
1010010100000000000000000
1000010000000000000000000
1010010100000000000000000
1000010000000000000000000
1110010100000000000000000
1010010100000000000000000
1111010110000000000000000
1010010100000000000000000
1111010110000000000000000
1000010000000000000000000
1001010010000000000000000
1000010000000000000000000
1000010000000000000000000
1000010000000000000000000
1000010000000000000000000
1010010100000000000000000
1001010010000000000000000
1011010110000000000000000
1111010110000000000000000
1111010110000000000000000
1011010110000000000000000
1111010110000000000000000
1000010000000000000000000
1011010110000000000000000
1000010000000000000000000
1010010100000000000000000
1000010000000000000000000
1110010100000000000000000
1000010000000000000000000
1111010110000000000000000
1010010100000000000000000
1111010110000000000000000
1010010100000000000000000
1111010110000000000000000
1010010100000000000000000
1001010010000000000000000
1000010000000000000000000
1000010000000000000000000
1000010000000000000000000
1000010000000000000000000
1110010100000000000000000
1000010000000000000000000
1111010110000000000000000
1111010110000000000000000
1111010110000000000000000
1011010110000000000000000
1111010110000000000000000
1010010100000000000000000
1001010010000000000000000
1010010100000000000000000
1010010100000000000000000
1000010000000000000000000
1000010000000000000000000
------
B0: 
1110010100001000010000100
1000010000100001000010000
1011010110000000000000000
1110010100001000010000100
1110010100101001010010100
1011010110100001000010000
1111010110001000010000100
1010010100100001000010000
1011010110000000000000000
1010010100000000000000000
1000010000000000000000000
1010010100000000000000000
1000010000000000000000000
1010010100000000000000000
1000010000000000000000000
1110010100001000010000100
1010010100100001000010000
1111010110001000010000100
1010010100100001000010000
1111010110001000010000100
1000010000100001000010000
1001010010000000000000000
1000010000000000000000000
1000010000000000000000000
1000010000000000000000000
1000010000000000000000000
1010010100000000000000000
1001010010000000000000000
1011010110000000000000000
1111010110001000010000100
1111010110101001010010100
1011010110100001000010000
1111010110001000010000100
1000010000100001000010000
1011010110000000000000000
1000010000000000000000000
1010010100000000000000000
1000010000000000000000000
1110010100001000010000100
1000010000100001000010000
1111010110001000010000100
1010010100100001000010000
1111010110001000010000100
1010010100100001000010000
1111010110001000010000100
1010010100100001000010000
1001010010000000000000000
1000010000000000000000000
1000010000000000000000000
1000010000000000000000000
1000010000000000000000000
1110010100001000010000100
1000010000100001000010000
1111010110001000010000100
1111010110101001010010100
1111010110101001010010100
1011010110100001000010000
1111010110001000010000100
1010010100100001000010000
1001010010000000000000000
1010010100000000000000000
1010010100000000000000000
1000010000000000000000000
1000010000000000000000000
------
C0: 
1000000001010000100010000
1000000001100000100010000
1000000000010000101010000
1000000001010000100010000
1000010100100000101010000
1000000000100000101010000
1000010000010010101010000
1000000100100000100010010
1010010100010010101001010
1010000000010010100010000
1000010100010010100001010
1010000000010000100010000
1000000001010010100001000
1000000000010000100010000
1000000001010000100010000
1000000000010000101010000
1000000001100000100010010
1010010000010000100010000
1000010000100000101001010
1010010100010010101001000
1000010000100000100001010
1010010100010000101001000
1000000000010010100001010
1010010100010010100001000
1000000000010000100010000
1000000000010010100001000
1000000001000000100010000
1000000001000000100010000
1000000000000000100010000
1000000001000000100010010
1010010000100000101010000
1000000000100000100001010
1010000000010000101010010
1010010100100000100001010
1010010100010010101010000
1000000001010000100001010
1010010100010010100010000
1000000001010000100001000
1000000000010010100010000
1000000001100000100010000
1000000000010000100010000
1000000001100000100010000
1000000100010000100010010
1010000000100000100010000
1000000100010000101001000
1000010000100000101001010
1010000100010000100001010
1010010000010000101001000
1000000101010010100001010
1010010000010010100010000
1000000001010000100001000
1000000001010010100010000
1000000001100000100010000
1000000000000000101010000
1000000001100000100010000
1000010100100000101010000
1000010000100000100010000
1000010100010010101001010
1010010100100000100010000
1000010100010010101010010
1010010000010000100001000
1000000101010010100001010
1010010000010000100010000
1000000000010010100001000
------
G0: 
01000
00000
00000
01000
01000
00000
01000
00000
00000
00000
00000
00000
00000
00000
00000
01000
00000
01000
00000
01000
00000
00000
00000
00000
00000
00000
00000
00000
00000
01000
01000
00000
01000
00000
00000
00000
00000
00000
01000
00000
01000
00000
01000
00000
01000
00000
00000
00000
00000
00000
00000
01000
00000
01000
01000
01000
00000
01000
00000
00000
00000
00000
00000
00000
------
D0: 
10100
10000
10110
10100
10100
10110
10110
10100
10110
10100
10000
10100
10000
10100
10000
10100
10100
10110
10100
10110
10000
10010
10000
10000
10000
10000
10100
10010
10110
10110
10110
10110
10110
10000
10110
10000
10100
10000
10100
10000
10110
10100
10110
10100
10110
10100
10010
10000
10000
10000
10000
10100
10000
10110
10110
10110
10110
10110
10100
10010
10100
10100
10000
10000
------